<?xml version="1.0" encoding="UTF-8"?>
<!-- Generated by org.testng.reporters.JUnitXMLReporter -->
<testsuite ignored="0" hostname="DESKTOP-49HPLNI" failures="0" tests="3" name="Default test" time="0.579" errors="0" timestamp="2022-05-27T22:50:04 IST">
  <testcase classname="test.Flipkart.VerifyRealmeMobiles" name="@BeforeTest launchBrowser" time="-1.653672003319E9">
    <failure type="org.testng.TestNGException" message="
Parameter &amp;apos;browser&amp;apos; is required by BeforeTest on method launchBrowser but has not been marked @Optional or defined
in C:\Users\Administrator\AppData\Local\Temp\testng-eclipse-29411652\testng-customsuite.xml">
      <![CDATA[org.testng.TestNGException: 
Parameter 'browser' is required by BeforeTest on method launchBrowser but has not been marked @Optional or defined
in C:\Users\Administrator\AppData\Local\Temp\testng-eclipse-29411652\testng-customsuite.xml
at org.testng.internal.Parameters.createParams(Parameters.java:270)
at org.testng.internal.Parameters.createParametersForMethod(Parameters.java:358)
at org.testng.internal.Parameters.createParameters(Parameters.java:700)
at org.testng.internal.Parameters.createConfigurationParameters(Parameters.java:168)
at org.testng.internal.ConfigInvoker.invokeConfigurations(ConfigInvoker.java:302)
at org.testng.TestRunner.invokeTestConfigurations(TestRunner.java:637)
at org.testng.TestRunner.beforeRun(TestRunner.java:627)
at org.testng.TestRunner.run(TestRunner.java:589)
at org.testng.SuiteRunner.runTest(SuiteRunner.java:377)
at org.testng.SuiteRunner.runSequentially(SuiteRunner.java:371)
at org.testng.SuiteRunner.privateRun(SuiteRunner.java:332)
at org.testng.SuiteRunner.run(SuiteRunner.java:276)
at org.testng.SuiteRunnerWorker.runSuite(SuiteRunnerWorker.java:53)
at org.testng.SuiteRunnerWorker.run(SuiteRunnerWorker.java:96)
at org.testng.TestNG.runSuitesSequentially(TestNG.java:1212)
at org.testng.TestNG.runSuitesLocally(TestNG.java:1134)
at org.testng.TestNG.runSuites(TestNG.java:1063)
at org.testng.TestNG.run(TestNG.java:1031)
at org.testng.remote.AbstractRemoteTestNG.run(AbstractRemoteTestNG.java:115)
at org.testng.remote.RemoteTestNG.initAndRun(RemoteTestNG.java:251)
at org.testng.remote.RemoteTestNG.main(RemoteTestNG.java:77)
]]>
    </failure>
  </testcase> <!-- @BeforeTest launchBrowser -->
  <testcase classname="test.Flipkart.VerifyRealmeMobiles" name="@BeforeClass objectOfPOMClass" time="-1.65367200356E9">
    <skipped/>
  </testcase> <!-- @BeforeClass objectOfPOMClass -->
  <testcase classname="test.Flipkart.VerifyRealmeMobiles" name="@BeforeMethod loginToFlipkartAndSelectElectronics" time="-1.653672003662E9">
    <skipped/>
  </testcase> <!-- @BeforeMethod loginToFlipkartAndSelectElectronics -->
  <testcase classname="test.Flipkart.VerifyRealmeMobiles" name="@AfterMethod logoutFlipkart" time="-1.653672003737E9">
    <skipped/>
  </testcase> <!-- @AfterMethod logoutFlipkart -->
  <testcase classname="test.Flipkart.VerifyRealmeMobiles" name="@BeforeMethod loginToFlipkartAndSelectElectronics" time="-1.653672003778E9">
    <skipped/>
  </testcase> <!-- @BeforeMethod loginToFlipkartAndSelectElectronics -->
  <testcase classname="test.Flipkart.VerifyRealmeMobiles" name="@AfterMethod logoutFlipkart" time="-1.653672003795E9">
    <skipped/>
  </testcase> <!-- @AfterMethod logoutFlipkart -->
  <testcase classname="test.Flipkart.VerifyRealmeMobiles" name="@BeforeMethod loginToFlipkartAndSelectElectronics" time="-1.6536720038E9">
    <skipped/>
  </testcase> <!-- @BeforeMethod loginToFlipkartAndSelectElectronics -->
  <testcase classname="test.Flipkart.VerifyRealmeMobiles" name="@AfterMethod logoutFlipkart" time="-1.653672003843E9">
    <skipped/>
  </testcase> <!-- @AfterMethod logoutFlipkart -->
  <testcase classname="test.Flipkart.VerifyRealmeMobiles" name="@AfterClass nullAllObject" time="-1.653672003864E9">
    <skipped/>
  </testcase> <!-- @AfterClass nullAllObject -->
  <testcase classname="test.Flipkart.VerifyRealmeMobiles" name="@AfterTest quitBrowser" time="-1.653672003868E9">
    <skipped/>
  </testcase> <!-- @AfterTest quitBrowser -->
  <testcase classname="test.Flipkart.VerifyRealmeMobiles" name="selectRealmeNarzo50i" time="0.0">
    <skipped/>
  </testcase> <!-- selectRealmeNarzo50i -->
  <testcase classname="test.Flipkart.VerifyRealmeMobiles" name="selectRealmeC11" time="0.0">
    <skipped/>
  </testcase> <!-- selectRealmeC11 -->
  <testcase classname="test.Flipkart.VerifyRealmeMobiles" name="selectRealme9i" time="0.0">
    <skipped/>
  </testcase> <!-- selectRealme9i -->
</testsuite> <!-- Default test -->
