<?xml version="1.0" encoding="UTF-8"?>
<!-- Generated by org.testng.reporters.JUnitXMLReporter -->
<testsuite ignored="0" hostname="DESKTOP-49HPLNI" failures="0" tests="2" name="IEBrowser" time="39.465" errors="0" timestamp="2022-05-27T23:37:14 IST">
  <testcase classname="test.Flipkart.VerifyRealmeMobiles" name="@BeforeMethod loginToFlipkartAndSelectElectronics" time="25.528">
    <failure type="org.openqa.selenium.NoSuchElementException" message="Unable to find element with xpath == (//input[@autocomplete=&amp;apos;off&amp;apos;])[2]
For documentation on this error, please visit: https://www.seleniumhq.org/exceptions/no_such_element.html
Build info: version: &amp;apos;3.141.59&amp;apos;, revision: &amp;apos;e82be7d358&amp;apos;, time: &amp;apos;2018-11-14T08:17:03&amp;apos;
System info: host: &amp;apos;DESKTOP-49HPLNI&amp;apos;, ip: &amp;apos;192.168.26.149&amp;apos;, os.name: &amp;apos;Windows 10&amp;apos;, os.arch: &amp;apos;amd64&amp;apos;, os.version: &amp;apos;10.0&amp;apos;, java.version: &amp;apos;17.0.2&amp;apos;
Driver info: org.openqa.selenium.ie.InternetExplorerDriver
Capabilities {acceptInsecureCerts: false, browserName: internet explorer, browserVersion: 11, javascriptEnabled: true, pageLoadStrategy: normal, platform: WINDOWS, platformName: WINDOWS, proxy: Proxy(), se:ieOptions: {browserAttachTimeout: 0, elementScrollBehavior: 0, enablePersistentHover: true, ie.browserCommandLineSwitches: , ie.edgechromium: false, ie.edgepath: , ie.ensureCleanSession: false, ie.fileUploadDialogTimeout: 3000, ie.forceCreateProcessApi: false, ignoreProtectedModeSettings: false, ignoreZoomSetting: false, initialBrowserUrl: http://localhost:17815/, nativeEvents: true, requireWindowFocus: false}, setWindowRect: true, strictFileInteractability: false, timeouts: {implicit: 0, pageLoad: 300000, script: 30000}, unhandledPromptBehavior: dismiss and notify}
Session ID: 0f519e3a-4809-4416-9b5e-9410bf209cca
*** Element info: {Using=xpath, value=(//input[@autocomplete=&amp;apos;off&amp;apos;])[2]}">
      <![CDATA[org.openqa.selenium.NoSuchElementException: Unable to find element with xpath == (//input[@autocomplete='off'])[2]
For documentation on this error, please visit: https://www.seleniumhq.org/exceptions/no_such_element.html
Build info: version: '3.141.59', revision: 'e82be7d358', time: '2018-11-14T08:17:03'
System info: host: 'DESKTOP-49HPLNI', ip: '192.168.26.149', os.name: 'Windows 10', os.arch: 'amd64', os.version: '10.0', java.version: '17.0.2'
Driver info: org.openqa.selenium.ie.InternetExplorerDriver
Capabilities {acceptInsecureCerts: false, browserName: internet explorer, browserVersion: 11, javascriptEnabled: true, pageLoadStrategy: normal, platform: WINDOWS, platformName: WINDOWS, proxy: Proxy(), se:ieOptions: {browserAttachTimeout: 0, elementScrollBehavior: 0, enablePersistentHover: true, ie.browserCommandLineSwitches: , ie.edgechromium: false, ie.edgepath: , ie.ensureCleanSession: false, ie.fileUploadDialogTimeout: 3000, ie.forceCreateProcessApi: false, ignoreProtectedModeSettings: false, ignoreZoomSetting: false, initialBrowserUrl: http://localhost:17815/, nativeEvents: true, requireWindowFocus: false}, setWindowRect: true, strictFileInteractability: false, timeouts: {implicit: 0, pageLoad: 300000, script: 30000}, unhandledPromptBehavior: dismiss and notify}
Session ID: 0f519e3a-4809-4416-9b5e-9410bf209cca
*** Element info: {Using=xpath, value=(//input[@autocomplete='off'])[2]}
at org.openqa.selenium.remote.http.W3CHttpResponseCodec.createException(W3CHttpResponseCodec.java:187)
at org.openqa.selenium.remote.http.W3CHttpResponseCodec.decode(W3CHttpResponseCodec.java:122)
at org.openqa.selenium.remote.http.W3CHttpResponseCodec.decode(W3CHttpResponseCodec.java:49)
at org.openqa.selenium.remote.HttpCommandExecutor.execute(HttpCommandExecutor.java:158)
at org.openqa.selenium.remote.service.DriverCommandExecutor.execute(DriverCommandExecutor.java:83)
at org.openqa.selenium.remote.RemoteWebDriver.execute(RemoteWebDriver.java:552)
at org.openqa.selenium.remote.RemoteWebDriver.findElement(RemoteWebDriver.java:323)
at org.openqa.selenium.remote.RemoteWebDriver.findElementByXPath(RemoteWebDriver.java:428)
at org.openqa.selenium.By$ByXPath.findElement(By.java:353)
at org.openqa.selenium.remote.RemoteWebDriver.findElement(RemoteWebDriver.java:315)
at org.openqa.selenium.support.pagefactory.DefaultElementLocator.findElement(DefaultElementLocator.java:69)
at org.openqa.selenium.support.pagefactory.internal.LocatingElementHandler.invoke(LocatingElementHandler.java:38)
at jdk.proxy2/jdk.proxy2.$Proxy17.sendKeys(Unknown Source)
at pom.Flipkart.LoginPage.sendUserName(LoginPage.java:28)
at test.Flipkart.VerifyRealmeMobiles.loginToFlipkartAndSelectElectronics(VerifyRealmeMobiles.java:75)
at java.base/java.util.ArrayList.forEach(ArrayList.java:1511)
... Removed 36 stack frames]]>
    </failure>
  </testcase> <!-- @BeforeMethod loginToFlipkartAndSelectElectronics -->
  <testcase classname="test.Flipkart.VerifyRealmeMobiles" name="@AfterMethod logoutFlipkart" time="-1.653674834419E9">
    <skipped/>
  </testcase> <!-- @AfterMethod logoutFlipkart -->
  <testcase classname="test.Flipkart.VerifyRealmeMobiles" name="@BeforeMethod loginToFlipkartAndSelectElectronics" time="-1.653674834425E9">
    <skipped/>
  </testcase> <!-- @BeforeMethod loginToFlipkartAndSelectElectronics -->
  <testcase classname="test.Flipkart.VerifyRealmeMobiles" name="@AfterMethod logoutFlipkart" time="-1.653674834438E9">
    <skipped/>
  </testcase> <!-- @AfterMethod logoutFlipkart -->
  <testcase classname="test.Flipkart.VerifyRealmeMobiles" name="@AfterClass nullAllObject" time="-1.653674834444E9">
    <skipped/>
  </testcase> <!-- @AfterClass nullAllObject -->
  <testcase classname="test.Flipkart.VerifyRealmeMobiles" name="@AfterTest quitBrowser" time="-1.653674834453E9">
    <skipped/>
  </testcase> <!-- @AfterTest quitBrowser -->
  <testcase classname="test.Flipkart.VerifyRealmeMobiles" name="selectRealmeNarzo50i" time="0.0">
    <skipped/>
  </testcase> <!-- selectRealmeNarzo50i -->
  <testcase classname="test.Flipkart.VerifyRealmeMobiles" name="selectRealmeC11" time="0.0">
    <skipped/>
  </testcase> <!-- selectRealmeC11 -->
</testsuite> <!-- IEBrowser -->
